<?xml version="1.0" encoding="UTF-8"?>
<testsuite name="exercises.TestOperatorOverload" tests="2" skipped="0" failures="0" errors="0" timestamp="2025-04-25T14:47:11" hostname="JANDE" time="0.016">
  <properties/>
  <testcase name="Calling OperatorOverload with &quot;(200, 100) plus (1000, 2000)&quot; returns Coordinates(x=1200, y=2100)()" classname="exercises.TestOperatorOverload" time="0.014"/>
  <testcase name="Calling OperatorOverload with &quot;(200, 100) minus (1000, 2000)&quot; returns Coordinates(x=1200, y=2100)()" classname="exercises.TestOperatorOverload" time="0.001"/>
  <system-out><![CDATA[Coordinates(x=1200, y=2100)
Coordinates(x=-800, y=-1900)
]]></system-out>
  <system-err><![CDATA[]]></system-err>
</testsuite>
